0 verbose cli C:\Program Files\nodejs\node.exe C:\Program Files\nodejs\node_modules\npm\bin\npm-cli.js
1 info using npm@10.9.2
2 info using node@v22.15.0
3 silly config load:file:C:\Program Files\nodejs\node_modules\npm\npmrc
4 silly config load:file:C:\Users\DELL\Desktop\blog-editor-app\frontend\.npmrc
5 silly config load:file:C:\Users\DELL\.npmrc
6 silly config load:file:C:\Users\DELL\Desktop\blog-editor-app\%AppData%\npm\etc\npmrc
7 verbose title npm install @testing-library/dom@^10.4.0 @testing-library/jest-dom@^6.6.3 @testing-library/react@^16.1.0 @testing-library/user-event@^13.2.1 web-vitals@^2.1.0
8 verbose argv "install" "--no-audit" "--save" "@testing-library/dom@^10.4.0" "@testing-library/jest-dom@^6.6.3" "@testing-library/react@^16.1.0" "@testing-library/user-event@^13.2.1" "web-vitals@^2.1.0"
9 verbose logfile logs-max:10 dir:C:\Users\DELL\Desktop\blog-editor-app\%AppData%\npm-cache\_logs\2025-05-18T08_46_26_977Z-
10 verbose logfile C:\Users\DELL\Desktop\blog-editor-app\%AppData%\npm-cache\_logs\2025-05-18T08_46_26_977Z-debug-0.log
11 silly logfile done cleaning log files
12 silly packumentCache heap:2197815296 maxSize:549453824 maxEntrySize:274726912
13 silly idealTree buildDeps
14 silly fetch manifest @testing-library/dom@^10.4.0
15 silly packumentCache full:https://registry.npmjs.org/@testing-library%2fdom cache-miss
16 http fetch GET 200 https://registry.npmjs.org/@testing-library%2fdom 1129ms (cache miss)
17 silly packumentCache full:https://registry.npmjs.org/@testing-library%2fdom set size:undefined disposed:false
18 silly fetch manifest @testing-library/jest-dom@^6.6.3
19 silly packumentCache full:https://registry.npmjs.org/@testing-library%2fjest-dom cache-miss
20 http fetch GET 200 https://registry.npmjs.org/@testing-library%2fjest-dom 254ms (cache miss)
21 silly packumentCache full:https://registry.npmjs.org/@testing-library%2fjest-dom set size:undefined disposed:false
22 silly fetch manifest @testing-library/react@^16.1.0
23 silly packumentCache full:https://registry.npmjs.org/@testing-library%2freact cache-miss
24 http fetch GET 200 https://registry.npmjs.org/@testing-library%2freact 301ms (cache miss)
25 silly packumentCache full:https://registry.npmjs.org/@testing-library%2freact set size:undefined disposed:false
26 silly fetch manifest @types/react@^18.0.0 || ^19.0.0
27 silly packumentCache full:https://registry.npmjs.org/@types%2freact cache-miss
28 http fetch GET 200 https://registry.npmjs.org/@types%2freact 113ms (cache miss)
29 silly packumentCache full:https://registry.npmjs.org/@types%2freact set size:undefined disposed:false
30 silly fetch manifest @types/react-dom@^18.0.0 || ^19.0.0
31 silly packumentCache full:https://registry.npmjs.org/@types%2freact-dom cache-miss
32 http fetch GET 200 https://registry.npmjs.org/@types%2freact-dom 97ms (cache miss)
33 silly packumentCache full:https://registry.npmjs.org/@types%2freact-dom set size:undefined disposed:false
34 silly fetch manifest react@^19.1.0
35 silly packumentCache full:https://registry.npmjs.org/react cache-miss
36 http cache https://registry.npmjs.org/react 59ms (cache hit)
37 silly packumentCache full:https://registry.npmjs.org/react set size:5700966 disposed:false
38 silly fetch manifest react-dom@^19.1.0
39 silly packumentCache full:https://registry.npmjs.org/react-dom cache-miss
40 http cache https://registry.npmjs.org/react-dom 34ms (cache hit)
41 silly packumentCache full:https://registry.npmjs.org/react-dom set size:7242755 disposed:false
42 silly fetch manifest @testing-library/user-event@^13.2.1
43 silly packumentCache full:https://registry.npmjs.org/@testing-library%2fuser-event cache-miss
44 http fetch GET 200 https://registry.npmjs.org/@testing-library%2fuser-event 78ms (cache miss)
45 silly packumentCache full:https://registry.npmjs.org/@testing-library%2fuser-event set size:undefined disposed:false
46 silly fetch manifest web-vitals@^2.1.0
47 silly packumentCache full:https://registry.npmjs.org/web-vitals cache-miss
48 http fetch GET 200 https://registry.npmjs.org/web-vitals 50ms (cache miss)
49 silly packumentCache full:https://registry.npmjs.org/web-vitals set size:undefined disposed:false
50 silly placeDep ROOT @testing-library/dom@10.4.0 OK for: frontend@0.1.0 want: ^10.4.0
51 silly placeDep ROOT @testing-library/jest-dom@6.6.3 OK for: frontend@0.1.0 want: ^6.6.3
52 silly placeDep ROOT @testing-library/react@16.3.0 OK for: frontend@0.1.0 want: ^16.1.0
53 silly placeDep ROOT @testing-library/user-event@13.5.0 OK for: frontend@0.1.0 want: ^13.2.1
54 silly placeDep ROOT web-vitals@2.1.4 OK for: frontend@0.1.0 want: ^2.1.0
55 silly fetch manifest lz-string@^1.5.0
56 silly packumentCache full:https://registry.npmjs.org/lz-string cache-miss
57 silly fetch manifest aria-query@5.3.0
58 silly packumentCache full:https://registry.npmjs.org/aria-query cache-miss
59 silly fetch manifest @types/aria-query@^5.0.1
60 silly packumentCache full:https://registry.npmjs.org/@types%2faria-query cache-miss
61 silly fetch manifest dom-accessibility-api@^0.5.9
62 silly packumentCache full:https://registry.npmjs.org/dom-accessibility-api cache-miss
63 silly fetch manifest @adobe/css-tools@^4.4.0
64 silly packumentCache full:https://registry.npmjs.org/@adobe%2fcss-tools cache-miss
65 silly fetch manifest chalk@^3.0.0
66 silly packumentCache full:https://registry.npmjs.org/chalk cache-miss
67 silly fetch manifest css.escape@^1.5.1
68 silly packumentCache full:https://registry.npmjs.org/css.escape cache-miss
69 http cache https://registry.npmjs.org/chalk 77ms (cache hit)
70 silly packumentCache full:https://registry.npmjs.org/chalk set size:122561 disposed:false
71 silly fetch manifest dom-accessibility-api@^0.6.3
72 silly packumentCache full:https://registry.npmjs.org/dom-accessibility-api cache-miss
73 http cache https://registry.npmjs.org/aria-query 87ms (cache hit)
74 silly packumentCache full:https://registry.npmjs.org/aria-query set size:98864 disposed:false
75 silly fetch manifest redent@^3.0.0
76 silly packumentCache full:https://registry.npmjs.org/redent cache-miss
77 http fetch GET 200 https://registry.npmjs.org/lz-string 122ms (cache miss)
78 silly packumentCache full:https://registry.npmjs.org/lz-string set size:undefined disposed:false
79 http fetch GET 200 https://registry.npmjs.org/css.escape 150ms (cache miss)
80 silly packumentCache full:https://registry.npmjs.org/css.escape set size:undefined disposed:false
81 http fetch GET 200 https://registry.npmjs.org/@types%2faria-query 158ms (cache miss)
82 silly packumentCache full:https://registry.npmjs.org/@types%2faria-query set size:undefined disposed:false
83 http fetch GET 200 https://registry.npmjs.org/redent 83ms (cache miss)
84 silly packumentCache full:https://registry.npmjs.org/redent set size:undefined disposed:false
85 http fetch GET 200 https://registry.npmjs.org/dom-accessibility-api 184ms (cache miss)
86 silly packumentCache full:https://registry.npmjs.org/dom-accessibility-api set size:undefined disposed:false
87 http fetch GET 200 https://registry.npmjs.org/dom-accessibility-api 113ms (cache miss)
88 silly packumentCache full:https://registry.npmjs.org/dom-accessibility-api set size:undefined disposed:false
89 http fetch GET 200 https://registry.npmjs.org/@adobe%2fcss-tools 348ms (cache miss)
90 silly packumentCache full:https://registry.npmjs.org/@adobe%2fcss-tools set size:undefined disposed:false
91 silly placeDep ROOT @types/aria-query@5.0.4 OK for: @testing-library/dom@10.4.0 want: ^5.0.1
92 silly placeDep node_modules/@testing-library/dom aria-query@5.3.0 OK for: @testing-library/dom@10.4.0 want: 5.3.0
93 silly placeDep ROOT dom-accessibility-api@0.5.16 OK for: @testing-library/dom@10.4.0 want: ^0.5.9
94 silly placeDep ROOT lz-string@1.5.0 OK for: @testing-library/dom@10.4.0 want: ^1.5.0
95 silly fetch manifest dequal@^2.0.3
96 silly packumentCache full:https://registry.npmjs.org/dequal cache-miss
97 http fetch GET 200 https://registry.npmjs.org/dequal 61ms (cache miss)
98 silly packumentCache full:https://registry.npmjs.org/dequal set size:undefined disposed:false
99 silly placeDep ROOT @adobe/css-tools@4.4.2 OK for: @testing-library/jest-dom@6.6.3 want: ^4.4.0
100 silly placeDep node_modules/@testing-library/jest-dom chalk@3.0.0 OK for: @testing-library/jest-dom@6.6.3 want: ^3.0.0
101 silly placeDep ROOT css.escape@1.5.1 OK for: @testing-library/jest-dom@6.6.3 want: ^1.5.1
102 silly placeDep node_modules/@testing-library/jest-dom dom-accessibility-api@0.6.3 OK for: @testing-library/jest-dom@6.6.3 want: ^0.6.3
103 silly placeDep ROOT redent@3.0.0 OK for: @testing-library/jest-dom@6.6.3 want: ^3.0.0
104 silly fetch manifest indent-string@^4.0.0
105 silly packumentCache full:https://registry.npmjs.org/indent-string cache-miss
106 silly fetch manifest strip-indent@^3.0.0
107 silly packumentCache full:https://registry.npmjs.org/strip-indent cache-miss
108 http fetch GET 200 https://registry.npmjs.org/strip-indent 45ms (cache miss)
109 silly packumentCache full:https://registry.npmjs.org/strip-indent set size:undefined disposed:false
110 http fetch GET 200 https://registry.npmjs.org/indent-string 64ms (cache miss)
111 silly packumentCache full:https://registry.npmjs.org/indent-string set size:undefined disposed:false
112 silly fetch manifest typescript@^3.2.1 || ^4
113 silly packumentCache full:https://registry.npmjs.org/typescript cache-miss
114 http cache https://registry.npmjs.org/typescript 56ms (cache hit)
115 silly packumentCache full:https://registry.npmjs.org/typescript set size:14199504 disposed:false
116 silly placeDep ROOT typescript@4.9.5 REPLACE for: react-scripts@5.0.1 want: ^3.2.1 || ^4
117 silly placeDep ROOT indent-string@4.0.0 OK for: redent@3.0.0 want: ^4.0.0
118 silly placeDep ROOT strip-indent@3.0.0 OK for: redent@3.0.0 want: ^3.0.0
119 silly fetch manifest min-indent@^1.0.0
120 silly packumentCache full:https://registry.npmjs.org/min-indent cache-miss
121 http fetch GET 200 https://registry.npmjs.org/min-indent 35ms (cache miss)
122 silly packumentCache full:https://registry.npmjs.org/min-indent set size:undefined disposed:false
123 silly placeDep ROOT min-indent@1.0.1 OK for: strip-indent@3.0.0 want: ^1.0.0
124 silly placeDep ROOT dequal@2.0.3 OK for: aria-query@5.3.0 want: ^2.0.3
125 silly reify mark retired [
125 silly reify   'C:\\Users\\DELL\\Desktop\\blog-editor-app\\frontend\\node_modules\\typescript',
125 silly reify   'C:\\Users\\DELL\\Desktop\\blog-editor-app\\frontend\\node_modules\\.bin\\tsc',
125 silly reify   'C:\\Users\\DELL\\Desktop\\blog-editor-app\\frontend\\node_modules\\.bin\\tsc.cmd',
125 silly reify   'C:\\Users\\DELL\\Desktop\\blog-editor-app\\frontend\\node_modules\\.bin\\tsc.ps1',
125 silly reify   'C:\\Users\\DELL\\Desktop\\blog-editor-app\\frontend\\node_modules\\.bin\\tsserver',
125 silly reify   'C:\\Users\\DELL\\Desktop\\blog-editor-app\\frontend\\node_modules\\.bin\\tsserver.cmd',
125 silly reify   'C:\\Users\\DELL\\Desktop\\blog-editor-app\\frontend\\node_modules\\.bin\\tsserver.ps1'
125 silly reify ]
126 silly reify moves {
126 silly reify   'C:\\Users\\DELL\\Desktop\\blog-editor-app\\frontend\\node_modules\\typescript': 'C:\\Users\\DELL\\Desktop\\blog-editor-app\\frontend\\node_modules\\.typescript-YdJ7EqtG',
126 silly reify   'C:\\Users\\DELL\\Desktop\\blog-editor-app\\frontend\\node_modules\\.bin\\tsc': 'C:\\Users\\DELL\\Desktop\\blog-editor-app\\frontend\\node_modules\\.bin\\.tsc-O1WO3ZDq',
126 silly reify   'C:\\Users\\DELL\\Desktop\\blog-editor-app\\frontend\\node_modules\\.bin\\tsc.cmd': 'C:\\Users\\DELL\\Desktop\\blog-editor-app\\frontend\\node_modules\\.bin\\.tsc.cmd-VpKuhihI',
126 silly reify   'C:\\Users\\DELL\\Desktop\\blog-editor-app\\frontend\\node_modules\\.bin\\tsc.ps1': 'C:\\Users\\DELL\\Desktop\\blog-editor-app\\frontend\\node_modules\\.bin\\.tsc.ps1-zE6Wj6Mn',
126 silly reify   'C:\\Users\\DELL\\Desktop\\blog-editor-app\\frontend\\node_modules\\.bin\\tsserver': 'C:\\Users\\DELL\\Desktop\\blog-editor-app\\frontend\\node_modules\\.bin\\.tsserver-Z2cpbcYv',
126 silly reify   'C:\\Users\\DELL\\Desktop\\blog-editor-app\\frontend\\node_modules\\.bin\\tsserver.cmd': 'C:\\Users\\DELL\\Desktop\\blog-editor-app\\frontend\\node_modules\\.bin\\.tsserver.cmd-zkU5A8PJ',
126 silly reify   'C:\\Users\\DELL\\Desktop\\blog-editor-app\\frontend\\node_modules\\.bin\\tsserver.ps1': 'C:\\Users\\DELL\\Desktop\\blog-editor-app\\frontend\\node_modules\\.bin\\.tsserver.ps1-HEXZJqp2'
126 silly reify }
127 verbose reify failed optional dependency C:\Users\DELL\Desktop\blog-editor-app\frontend\node_modules\fsevents
128 silly reify mark deleted [
128 silly reify   'C:\\Users\\DELL\\Desktop\\blog-editor-app\\frontend\\node_modules\\fsevents'
128 silly reify ]
129 http cache dequal@https://registry.npmjs.org/dequal/-/dequal-2.0.3.tgz 0ms (cache hit)
130 http cache min-indent@https://registry.npmjs.org/min-indent/-/min-indent-1.0.1.tgz 0ms (cache hit)
131 http cache indent-string@https://registry.npmjs.org/indent-string/-/indent-string-4.0.0.tgz 0ms (cache hit)
132 http cache redent@https://registry.npmjs.org/redent/-/redent-3.0.0.tgz 0ms (cache hit)
133 http cache css.escape@https://registry.npmjs.org/css.escape/-/css.escape-1.5.1.tgz 0ms (cache hit)
134 http cache strip-indent@https://registry.npmjs.org/strip-indent/-/strip-indent-3.0.0.tgz 0ms (cache hit)
135 http cache @adobe/css-tools@https://registry.npmjs.org/@adobe/css-tools/-/css-tools-4.4.2.tgz 0ms (cache hit)
136 http cache lz-string@https://registry.npmjs.org/lz-string/-/lz-string-1.5.0.tgz 0ms (cache hit)
137 http cache dom-accessibility-api@https://registry.npmjs.org/dom-accessibility-api/-/dom-accessibility-api-0.5.16.tgz 0ms (cache hit)
138 http cache @types/aria-query@https://registry.npmjs.org/@types/aria-query/-/aria-query-5.0.4.tgz 0ms (cache hit)
139 http cache web-vitals@https://registry.npmjs.org/web-vitals/-/web-vitals-2.1.4.tgz 0ms (cache hit)
140 http cache @testing-library/user-event@https://registry.npmjs.org/@testing-library/user-event/-/user-event-13.5.0.tgz 0ms (cache hit)
141 http cache @testing-library/jest-dom@https://registry.npmjs.org/@testing-library/jest-dom/-/jest-dom-6.6.3.tgz 0ms (cache hit)
142 http cache @testing-library/react@https://registry.npmjs.org/@testing-library/react/-/react-16.3.0.tgz 0ms (cache hit)
143 http cache typescript@https://registry.npmjs.org/typescript/-/typescript-4.9.5.tgz 0ms (cache hit)
144 http cache @testing-library/dom@https://registry.npmjs.org/@testing-library/dom/-/dom-10.4.0.tgz 0ms (cache hit)
145 http cache dom-accessibility-api@https://registry.npmjs.org/dom-accessibility-api/-/dom-accessibility-api-0.6.3.tgz 0ms (cache hit)
146 silly tarball no local data for dequal@https://registry.npmjs.org/dequal/-/dequal-2.0.3.tgz. Extracting by manifest.
147 http cache chalk@https://registry.npmjs.org/chalk/-/chalk-3.0.0.tgz 0ms (cache hit)
148 silly tarball no local data for min-indent@https://registry.npmjs.org/min-indent/-/min-indent-1.0.1.tgz. Extracting by manifest.
149 silly tarball no local data for indent-string@https://registry.npmjs.org/indent-string/-/indent-string-4.0.0.tgz. Extracting by manifest.
150 silly tarball no local data for redent@https://registry.npmjs.org/redent/-/redent-3.0.0.tgz. Extracting by manifest.
151 silly tarball no local data for css.escape@https://registry.npmjs.org/css.escape/-/css.escape-1.5.1.tgz. Extracting by manifest.
152 http cache aria-query@https://registry.npmjs.org/aria-query/-/aria-query-5.3.0.tgz 0ms (cache hit)
153 silly tarball no local data for strip-indent@https://registry.npmjs.org/strip-indent/-/strip-indent-3.0.0.tgz. Extracting by manifest.
154 silly tarball no local data for @adobe/css-tools@https://registry.npmjs.org/@adobe/css-tools/-/css-tools-4.4.2.tgz. Extracting by manifest.
155 silly tarball no local data for lz-string@https://registry.npmjs.org/lz-string/-/lz-string-1.5.0.tgz. Extracting by manifest.
156 silly tarball no local data for dom-accessibility-api@https://registry.npmjs.org/dom-accessibility-api/-/dom-accessibility-api-0.5.16.tgz. Extracting by manifest.
157 silly tarball no local data for @types/aria-query@https://registry.npmjs.org/@types/aria-query/-/aria-query-5.0.4.tgz. Extracting by manifest.
158 silly tarball no local data for web-vitals@https://registry.npmjs.org/web-vitals/-/web-vitals-2.1.4.tgz. Extracting by manifest.
159 silly tarball no local data for @testing-library/user-event@https://registry.npmjs.org/@testing-library/user-event/-/user-event-13.5.0.tgz. Extracting by manifest.
160 silly tarball no local data for @testing-library/jest-dom@https://registry.npmjs.org/@testing-library/jest-dom/-/jest-dom-6.6.3.tgz. Extracting by manifest.
161 silly tarball no local data for @testing-library/react@https://registry.npmjs.org/@testing-library/react/-/react-16.3.0.tgz. Extracting by manifest.
162 silly tarball no local data for typescript@https://registry.npmjs.org/typescript/-/typescript-4.9.5.tgz. Extracting by manifest.
163 silly tarball no local data for @testing-library/dom@https://registry.npmjs.org/@testing-library/dom/-/dom-10.4.0.tgz. Extracting by manifest.
164 silly tarball no local data for dom-accessibility-api@https://registry.npmjs.org/dom-accessibility-api/-/dom-accessibility-api-0.6.3.tgz. Extracting by manifest.
165 silly tarball no local data for chalk@https://registry.npmjs.org/chalk/-/chalk-3.0.0.tgz. Extracting by manifest.
166 silly tarball no local data for aria-query@https://registry.npmjs.org/aria-query/-/aria-query-5.3.0.tgz. Extracting by manifest.
167 http fetch GET 200 https://registry.npmjs.org/indent-string/-/indent-string-4.0.0.tgz 381ms (cache miss)
168 http fetch GET 200 https://registry.npmjs.org/min-indent/-/min-indent-1.0.1.tgz 395ms (cache miss)
169 http fetch GET 200 https://registry.npmjs.org/css.escape/-/css.escape-1.5.1.tgz 424ms (cache miss)
170 http fetch GET 200 https://registry.npmjs.org/redent/-/redent-3.0.0.tgz 449ms (cache miss)
171 http fetch GET 200 https://registry.npmjs.org/strip-indent/-/strip-indent-3.0.0.tgz 464ms (cache miss)
172 http fetch GET 200 https://registry.npmjs.org/@types/aria-query/-/aria-query-5.0.4.tgz 467ms (cache miss)
173 http fetch GET 200 https://registry.npmjs.org/chalk/-/chalk-3.0.0.tgz 540ms (cache miss)
174 http fetch GET 200 https://registry.npmjs.org/dequal/-/dequal-2.0.3.tgz 562ms (cache miss)
175 http fetch GET 200 https://registry.npmjs.org/@adobe/css-tools/-/css-tools-4.4.2.tgz 661ms (cache miss)
176 http fetch GET 200 https://registry.npmjs.org/lz-string/-/lz-string-1.5.0.tgz 750ms (cache miss)
177 http fetch GET 200 https://registry.npmjs.org/@testing-library/react/-/react-16.3.0.tgz 900ms (cache miss)
178 http fetch GET 200 https://registry.npmjs.org/@testing-library/jest-dom/-/jest-dom-6.6.3.tgz 1074ms (cache miss)
179 http fetch GET 200 https://registry.npmjs.org/dom-accessibility-api/-/dom-accessibility-api-0.5.16.tgz 1177ms (cache miss)
180 http fetch GET 200 https://registry.npmjs.org/web-vitals/-/web-vitals-2.1.4.tgz 1212ms (cache miss)
181 http fetch GET 200 https://registry.npmjs.org/dom-accessibility-api/-/dom-accessibility-api-0.6.3.tgz 1271ms (cache miss)
182 http fetch GET 200 https://registry.npmjs.org/@testing-library/dom/-/dom-10.4.0.tgz 1406ms (cache miss)
183 http fetch GET 200 https://registry.npmjs.org/@testing-library/user-event/-/user-event-13.5.0.tgz 1595ms (cache miss)
184 http fetch GET 200 https://registry.npmjs.org/aria-query/-/aria-query-5.3.0.tgz 1754ms (cache miss)
185 http fetch GET 200 https://registry.npmjs.org/typescript/-/typescript-4.9.5.tgz 3105ms (cache miss)
186 silly ADD node_modules/dequal
187 silly ADD node_modules/min-indent
188 silly ADD node_modules/strip-indent
189 silly ADD node_modules/indent-string
190 silly ADD node_modules/redent
191 silly ADD node_modules/css.escape
192 silly ADD node_modules/@adobe/css-tools
193 silly ADD node_modules/lz-string
194 silly ADD node_modules/dom-accessibility-api
195 silly ADD node_modules/@types/aria-query
196 silly ADD node_modules/web-vitals
197 silly ADD node_modules/@testing-library/user-event
198 silly ADD node_modules/@testing-library/react
199 silly ADD node_modules/@testing-library/jest-dom
200 silly ADD node_modules/@testing-library/jest-dom/node_modules/dom-accessibility-api
201 silly ADD node_modules/@testing-library/jest-dom/node_modules/chalk
202 silly ADD node_modules/@testing-library/dom
203 silly ADD node_modules/@testing-library/dom/node_modules/aria-query
204 silly ADD
205 silly CHANGE node_modules/typescript
206 verbose cwd C:\Users\DELL\Desktop\blog-editor-app\frontend
207 verbose os Windows_NT 10.0.26100
208 verbose node v22.15.0
209 verbose npm  v10.9.2
210 verbose exit 0
211 info ok
